2023-10-11 00:17:29.409 [info] Log level: Info
2023-10-11 00:17:29.409 [info] Validating found git in: "git"
2023-10-11 00:17:29.409 [info] Using git "2.34.1" from "git"
2023-10-11 00:17:29.409 [info] > git rev-parse --show-toplevel [4ms]
2023-10-11 00:17:29.409 [info] > git rev-parse --git-dir --git-common-dir [32ms]
2023-10-11 00:17:29.409 [info] Open repository: /home/morales
2023-10-11 00:17:29.410 [info] > git rev-parse --show-toplevel [4ms]
2023-10-11 00:17:29.411 [info] > git config --get commit.template [7ms]
2023-10-11 00:17:29.425 [info] > git rev-parse --show-toplevel [11ms]
2023-10-11 00:17:29.430 [info] > git for-each-ref --format=%(refname)%00%(upstream:short)%00%(objectname)%00%(upstream:track)%00%(upstream:remotename)%00%(upstream:remoteref) refs/heads/master refs/remotes/master [12ms]
2023-10-11 00:17:29.437 [info] > git rev-parse --show-toplevel [7ms]
2023-10-11 00:17:29.448 [info] > git rev-parse --show-toplevel [7ms]
2023-10-11 00:17:29.464 [info] > git status -z -uall [29ms]
2023-10-11 00:17:29.478 [info] > git config --get commit.template [1ms]
2023-10-11 00:17:29.485 [info] > git for-each-ref --format=%(refname)%00%(upstream:short)%00%(objectname)%00%(upstream:track)%00%(upstream:remotename)%00%(upstream:remoteref) refs/heads/master refs/remotes/master [2ms]
2023-10-11 00:17:29.509 [info] > git status -z -uall [20ms]
2023-10-11 00:17:29.887 [info] > git show --textconv :web.html [11ms]
2023-10-11 00:17:29.890 [info] > git ls-files --stage -- /home/morales/web.html [5ms]
2023-10-11 00:17:29.898 [info] > git cat-file -s e528891ced071e3e7fc608478ae4281c1d97721a [1ms]
2023-10-11 00:17:29.918 [info] > git check-ignore -v -z --stdin [4ms]
2023-10-11 00:17:33.667 [info] > git config --get commit.template [1ms]
2023-10-11 00:17:33.671 [info] > git for-each-ref --format=%(refname)%00%(upstream:short)%00%(objectname)%00%(upstream:track)%00%(upstream:remotename)%00%(upstream:remoteref) refs/heads/master refs/remotes/master [0ms]
2023-10-11 00:17:33.685 [info] > git status -z -uall [11ms]
2023-10-11 00:17:38.695 [info] > git config --get commit.template [1ms]
2023-10-11 00:17:38.698 [info] > git for-each-ref --format=%(refname)%00%(upstream:short)%00%(objectname)%00%(upstream:track)%00%(upstream:remotename)%00%(upstream:remoteref) refs/heads/master refs/remotes/master [0ms]
2023-10-11 00:17:38.712 [info] > git status -z -uall [11ms]
2023-10-11 00:17:43.721 [info] > git config --get commit.template [1ms]
2023-10-11 00:17:43.725 [info] > git for-each-ref --format=%(refname)%00%(upstream:short)%00%(objectname)%00%(upstream:track)%00%(upstream:remotename)%00%(upstream:remoteref) refs/heads/master refs/remotes/master [0ms]
2023-10-11 00:17:43.740 [info] > git status -z -uall [11ms]
2023-10-11 00:17:48.755 [info] > git config --get commit.template [6ms]
2023-10-11 00:17:48.756 [info] > git for-each-ref --format=%(refname)%00%(upstream:short)%00%(objectname)%00%(upstream:track)%00%(upstream:remotename)%00%(upstream:remoteref) refs/heads/master refs/remotes/master [2ms]
2023-10-11 00:17:48.778 [info] > git status -z -uall [14ms]
2023-10-11 00:17:53.796 [info] > git config --get commit.template [12ms]
2023-10-11 00:17:53.800 [info] > git for-each-ref --format=%(refname)%00%(upstream:short)%00%(objectname)%00%(upstream:track)%00%(upstream:remotename)%00%(upstream:remoteref) refs/heads/master refs/remotes/master [1ms]
2023-10-11 00:17:53.816 [info] > git status -z -uall [13ms]
2023-10-11 00:17:58.826 [info] > git config --get commit.template [0ms]
2023-10-11 00:17:58.830 [info] > git for-each-ref --format=%(refname)%00%(upstream:short)%00%(objectname)%00%(upstream:track)%00%(upstream:remotename)%00%(upstream:remoteref) refs/heads/master refs/remotes/master [0ms]
2023-10-11 00:17:58.845 [info] > git status -z -uall [12ms]
2023-10-11 00:18:03.861 [info] > git config --get commit.template [5ms]
2023-10-11 00:18:03.862 [info] > git for-each-ref --format=%(refname)%00%(upstream:short)%00%(objectname)%00%(upstream:track)%00%(upstream:remotename)%00%(upstream:remoteref) refs/heads/master refs/remotes/master [1ms]
2023-10-11 00:18:03.877 [info] > git status -z -uall [12ms]
2023-10-11 00:18:08.887 [info] > git config --get commit.template [0ms]
2023-10-11 00:18:08.890 [info] > git for-each-ref --format=%(refname)%00%(upstream:short)%00%(objectname)%00%(upstream:track)%00%(upstream:remotename)%00%(upstream:remoteref) refs/heads/master refs/remotes/master [0ms]
2023-10-11 00:18:08.905 [info] > git status -z -uall [12ms]
